WARNING: Could not find any nv files on this host!
Creating game environment ...
Game environment initialized ...

Hyperparameters
	batch_size = 64
	lr = 0.00025
	discount_factor = 0.99
	memory_size = 10000
	frame_repeat = 12
	steps_per_epoch = 2000
	epsilon_decay = 0.9996
	num_epochs = 50
	model = duel_dqn
	skip_learning = False
	load_model = False
	checkpoint = duel

Using device=cpu ...
Creating new agent ...

Epoch #1
  0%|          | 0/2000 [00:00<?, ?it/s]  0%|          | 1/2000 [00:00<10:52,  3.06it/s]  0%|          | 4/2000 [00:00<03:03, 10.87it/s]  0%|          | 7/2000 [00:00<02:04, 15.99it/s]  0%|          | 10/2000 [00:00<01:42, 19.42it/s]  1%|          | 13/2000 [00:00<01:28, 22.38it/s]  1%|          | 16/2000 [00:00<01:23, 23.79it/s]  1%|          | 19/2000 [00:00<01:20, 24.74it/s]  1%|          | 22/2000 [00:01<01:17, 25.41it/s]  1%|▏         | 25/2000 [00:01<01:16, 25.90it/s]  1%|▏         | 28/2000 [00:01<01:15, 26.24it/s]  2%|▏         | 31/2000 [00:01<01:14, 26.43it/s]  2%|▏         | 34/2000 [00:01<01:13, 26.62it/s]  2%|▏         | 38/2000 [00:01<01:10, 27.73it/s]